# JRE version: Java(TM) SE Runtime Environment (8.0_77-b03) (build 1.8.0_77-b03)
# Java VM: Java HotSpot(TM) 64-Bit Server VM (25.77-b03 mixed mode windows-amd64 compressed oops)
Heap:
 PSYoungGen      total 37888K, used 13727K [0x00000000d5d80000, 0x00000000d8f80000, 0x0000000100000000)
  eden space 32768K, 26% used [0x00000000d5d80000,0x00000000d65f0690,0x00000000d7d80000)
  from space 5120K, 99% used [0x00000000d7e00000,0x00000000d82f77b0,0x00000000d8300000)
  to   space 9216K, 0% used [0x00000000d8680000,0x00000000d8680000,0x00000000d8f80000)
 ParOldGen       total 46080K, used 8408K [0x0000000081800000, 0x0000000084500000, 0x00000000d5d80000)
  object space 46080K, 18% used [0x0000000081800000,0x0000000082036110,0x0000000084500000)
 Metaspace       used 29613K, capacity 29822K, committed 30080K, reserved 1075200K
  class space    used 3833K, capacity 3911K, committed 3968K, reserved 1048576K
GC Heap History (10 events):
Event: 18.691 GC heap before
{Heap before GC invocations=2 (full 0):
 PSYoungGen      total 38400K, used 38368K [0x00000000d5d80000, 0x00000000d8800000, 0x0000000100000000)
  eden space 33280K, 100% used [0x00000000d5d80000,0x00000000d7e00000,0x00000000d7e00000)
  from space 5120K, 99% used [0x00000000d7e00000,0x00000000d82f82d8,0x00000000d8300000)
  to   space 5120K, 0% used [0x00000000d8300000,0x00000000d8300000,0x00000000d8800000)
 ParOldGen       total 87552K, used 1112K [0x0000000081800000, 0x0000000086d80000, 0x00000000d5d80000)
  object space 87552K, 1% used [0x0000000081800000,0x0000000081916340,0x0000000086d80000)
 Metaspace       used 12996K, capacity 13130K, committed 13440K, reserved 1060864K
  class space    used 1574K, capacity 1625K, committed 1664K, reserved 1048576K
Event: 18.697 GC heap after
Heap after GC invocations=2 (full 0):
 PSYoungGen      total 38400K, used 4573K [0x00000000d5d80000, 0x00000000d8800000, 0x0000000100000000)
  eden space 33280K, 0% used [0x00000000d5d80000,0x00000000d5d80000,0x00000000d7e00000)
  from space 5120K, 89% used [0x00000000d8300000,0x00000000d8777668,0x00000000d8800000)
  to   space 5120K, 0% used [0x00000000d7e00000,0x00000000d7e00000,0x00000000d8300000)
 ParOldGen       total 87552K, used 1120K [0x0000000081800000, 0x0000000086d80000, 0x00000000d5d80000)
  object space 87552K, 1% used [0x0000000081800000,0x0000000081918340,0x0000000086d80000)
 Metaspace       used 12996K, capacity 13130K, committed 13440K, reserved 1060864K
  class space    used 1574K, capacity 1625K, committed 1664K, reserved 1048576K
}
Event: 19.783 GC heap before
{Heap before GC invocations=3 (full 0):
 PSYoungGen      total 38400K, used 34967K [0x00000000d5d80000, 0x00000000d8800000, 0x0000000100000000)
  eden space 33280K, 91% used [0x00000000d5d80000,0x00000000d7b2e7d0,0x00000000d7e00000)
  from space 5120K, 89% used [0x00000000d8300000,0x00000000d8777668,0x00000000d8800000)
  to   space 5120K, 0% used [0x00000000d7e00000,0x00000000d7e00000,0x00000000d8300000)
 ParOldGen       total 87552K, used 1120K [0x0000000081800000, 0x0000000086d80000, 0x00000000d5d80000)
  object space 87552K, 1% used [0x0000000081800000,0x0000000081918340,0x0000000086d80000)
 Metaspace       used 20841K, capacity 21018K, committed 21248K, reserved 1067008K
  class space    used 2676K, capacity 2753K, committed 2816K, reserved 1048576K
Event: 19.795 GC heap after
Heap after GC invocations=3 (full 0):
 PSYoungGen      total 38400K, used 5109K [0x00000000d5d80000, 0x00000000d8800000, 0x0000000100000000)
  eden space 33280K, 0% used [0x00000000d5d80000,0x00000000d5d80000,0x00000000d7e00000)
  from space 5120K, 99% used [0x00000000d7e00000,0x00000000d82fd780,0x00000000d8300000)
  to   space 5120K, 0% used [0x00000000d8300000,0x00000000d8300000,0x00000000d8800000)
 ParOldGen       total 87552K, used 4590K [0x0000000081800000, 0x0000000086d80000, 0x00000000d5d80000)
  object space 87552K, 5% used [0x0000000081800000,0x0000000081c7b930,0x0000000086d80000)
 Metaspace       used 20841K, capacity 21018K, committed 21248K, reserved 1067008K
  class space    used 2676K, capacity 2753K, committed 2816K, reserved 1048576K
}
Event: 19.795 GC heap before
{Heap before GC invocations=4 (full 1):
 PSYoungGen      total 38400K, used 5109K [0x00000000d5d80000, 0x00000000d8800000, 0x0000000100000000)
  eden space 33280K, 0% used [0x00000000d5d80000,0x00000000d5d80000,0x00000000d7e00000)
  from space 5120K, 99% used [0x00000000d7e00000,0x00000000d82fd780,0x00000000d8300000)
  to   space 5120K, 0% used [0x00000000d8300000,0x00000000d8300000,0x00000000d8800000)
 ParOldGen       total 87552K, used 4590K [0x0000000081800000, 0x0000000086d80000, 0x00000000d5d80000)
  object space 87552K, 5% used [0x0000000081800000,0x0000000081c7b930,0x0000000086d80000)
 Metaspace       used 20841K, capacity 21018K, committed 21248K, reserved 1067008K
  class space    used 2676K, capacity 2753K, committed 2816K, reserved 1048576K
Event: 19.847 GC heap after
Heap after GC invocations=4 (full 1):
 PSYoungGen      total 38400K, used 0K [0x00000000d5d80000, 0x00000000d8800000, 0x0000000100000000)
  eden space 33280K, 0% used [0x00000000d5d80000,0x00000000d5d80000,0x00000000d7e00000)
  from space 5120K, 0% used [0x00000000d7e00000,0x00000000d7e00000,0x00000000d8300000)
  to   space 5120K, 0% used [0x00000000d8300000,0x00000000d8300000,0x00000000d8800000)
 ParOldGen       total 46080K, used 8392K [0x0000000081800000, 0x0000000084500000, 0x00000000d5d80000)
  object space 46080K, 18% used [0x0000000081800000,0x0000000082032110,0x0000000084500000)
 Metaspace       used 20841K, capacity 21018K, committed 21248K, reserved 1067008K
  class space    used 2676K, capacity 2753K, committed 2816K, reserved 1048576K
}
Event: 21.388 GC heap before
{Heap before GC invocations=5 (full 1):
 PSYoungGen      total 38400K, used 33280K [0x00000000d5d80000, 0x00000000d8800000, 0x0000000100000000)
  eden space 33280K, 100% used [0x00000000d5d80000,0x00000000d7e00000,0x00000000d7e00000)
  from space 5120K, 0% used [0x00000000d7e00000,0x00000000d7e00000,0x00000000d8300000)
  to   space 5120K, 0% used [0x00000000d8300000,0x00000000d8300000,0x00000000d8800000)
 ParOldGen       total 46080K, used 8392K [0x0000000081800000, 0x0000000084500000, 0x00000000d5d80000)
  object space 46080K, 18% used [0x0000000081800000,0x0000000082032110,0x0000000084500000)
 Metaspace       used 24989K, capacity 25158K, committed 25472K, reserved 1071104K
  class space    used 3279K, capacity 3363K, committed 3456K, reserved 1048576K
Event: 21.395 GC heap after
Heap after GC invocations=5 (full 1):
 PSYoungGen      total 38400K, used 4027K [0x00000000d5d80000, 0x00000000d8800000, 0x0000000100000000)
  eden space 33280K, 0% used [0x00000000d5d80000,0x00000000d5d80000,0x00000000d7e00000)
  from space 5120K, 78% used [0x00000000d8300000,0x00000000d86eed60,0x00000000d8800000)
  to   space 5120K, 0% used [0x00000000d7e00000,0x00000000d7e00000,0x00000000d8300000)
 ParOldGen       total 46080K, used 8400K [0x0000000081800000, 0x0000000084500000, 0x00000000d5d80000)
  object space 46080K, 18% used [0x0000000081800000,0x0000000082034110,0x0000000084500000)
 Metaspace       used 24989K, capacity 25158K, committed 25472K, reserved 1071104K
  class space    used 3279K, capacity 3363K, committed 3456K, reserved 1048576K
}
Event: 25.041 GC heap before
{Heap before GC invocations=6 (full 1):
 PSYoungGen      total 38400K, used 37307K [0x00000000d5d80000, 0x00000000d8800000, 0x0000000100000000)
  eden space 33280K, 100% used [0x00000000d5d80000,0x00000000d7e00000,0x00000000d7e00000)
  from space 5120K, 78% used [0x00000000d8300000,0x00000000d86eed60,0x00000000d8800000)
  to   space 5120K, 0% used [0x00000000d7e00000,0x00000000d7e00000,0x00000000d8300000)
 ParOldGen       total 46080K, used 8400K [0x0000000081800000, 0x0000000084500000, 0x00000000d5d80000)
  object space 46080K, 18% used [0x0000000081800000,0x0000000082034110,0x0000000084500000)
 Metaspace       used 28658K, capacity 28830K, committed 29184K, reserved 1075200K
  class space    used 3745K, capacity 3815K, committed 3840K, reserved 1048576K
Event: 25.049 GC heap after
Heap after GC invocations=6 (full 1):
 PSYoungGen      total 37888K, used 5085K [0x00000000d5d80000, 0x00000000d8f80000, 0x0000000100000000)
  eden space 32768K, 0% used [0x00000000d5d80000,0x00000000d5d80000,0x00000000d7d80000)
  from space 5120K, 99% used [0x00000000d7e00000,0x00000000d82f77b0,0x00000000d8300000)
  to   space 9216K, 0% used [0x00000000d8680000,0x00000000d8680000,0x00000000d8f80000)
 ParOldGen       total 46080K, used 8408K [0x0000000081800000, 0x0000000084500000, 0x00000000d5d80000)
  object space 46080K, 18% used [0x0000000081800000,0x0000000082036110,0x0000000084500000)
 Metaspace       used 28658K, capacity 28830K, committed 29184K, reserved 1075200K
  class space    used 3745K, capacity 3815K, committed 3840K, reserved 1048576K
}

